This is pdfTeX, Version 3.141592653-2.6-1.40.25 (MiKTeX 23.5) (preloaded format=pdflatex 2023.6.2)  2 JUL 2023 19:56
entering extended mode
 restricted \write18 enabled.
 file:line:error style messages enabled.
 %&-line parsing enabled.
**c:/Users/user/Repos/MSThesis/subsections/theory/common_start_theory.tex
(c:/Users/user/Repos/MSThesis/subsections/theory/common_start_theory.tex
LaTeX2e <2022-11-01> patch level 1
L3 programming layer <2023-05-15> (C:\Users\user\AppData\Local\Programs\MiKTeX\tex/latex/base\report.cls
Document Class: report 2022/07/02 v1.4n Standard LaTeX document class
(C:\Users\user\AppData\Local\Programs\MiKTeX\tex/latex/base\size12.clo
File: size12.clo 2022/07/02 v1.4n Standard LaTeX file (size option)
)
\c@part=\count185
\c@chapter=\count186
\c@section=\count187
\c@subsection=\count188
\c@subsubsection=\count189
\c@paragraph=\count190
\c@subparagraph=\count191
\c@figure=\count192
\c@table=\count193
\abovecaptionskip=\skip48
\belowcaptionskip=\skip49
\bibindent=\dimen140
)

! LaTeX Error: File `styles/fbe_tez.sty' not found.

Type X to quit or <RETURN> to proceed,
or enter new name. (Default extension: sty)

Enter file name: 
c:/Users/user/Repos/MSThesis/subsections/theory/common_start_theory.tex:3: Emergency stop.
<read *> 
         
l.3 \usepackage
               [utf8x]{inputenc} % To use Unicode (e.g. Turkish) characters^^M
*** (cannot \read from terminal in nonstop modes)

 
Here is how much of TeX's memory you used:
 258 strings out of 476411
 3458 string characters out of 5789607
 1850845 words of memory out of 5000000
 20704 multiletter control sequences out of 15000+600000
 512585 words of font info for 33 fonts, out of 8000000 for 9000
 1141 hyphenation exceptions out of 8191
 33i,0n,38p,211b,36s stack positions out of 10000i,1000n,20000p,200000b,200000s
c:/Users/user/Repos/MSThesis/subsections/theory/common_start_theory.tex:3:  ==> Fatal error occurred, no output PDF file produced!
